SF:lib\src\modules\auth\domain\dtos\login_with_email_dto.dart
DA:8,1
LF:1
LH:1
end_of_record
SF:lib\src\modules\auth\domain\errors\domain_errors.dart
DA:4,1
DA:8,2
DA:12,2
LF:3
LH:3
end_of_record
SF:lib\src\modules\auth\domain\usecases\login_with_email_usecase.dart
DA:14,1
DA:16,1
DA:18,2
DA:19,4
DA:22,2
DA:23,4
DA:26,2
LF:7
LH:7
end_of_record
SF:lib\src\modules\auth\domain\value-objects\email.dart
DA:6,2
DA:7,4
LF:2
LH:2
end_of_record
SF:lib\src\modules\auth\domain\value-objects\password.dart
DA:6,2
DA:7,4
LF:2
LH:2
end_of_record
SF:lib\src\modules\auth\domain\value-objects\specifications\email_specifications.dart
DA:4,2
DA:6,2
DA:7,0
DA:12,2
DA:13,2
DA:18,4
DA:19,0
LF:7
LH:5
end_of_record
SF:lib\src\modules\auth\domain\value-objects\specifications\password_specifications.dart
DA:4,2
DA:6,2
DA:8,4
LF:3
LH:3
end_of_record
SF:lib\src\modules\auth\domain\dtos\signup_with_email_dto.dart
DA:10,1
LF:1
LH:1
end_of_record
SF:lib\src\modules\auth\domain\usecases\signup_with_email_usecase.dart
DA:14,1
DA:16,1
DA:18,2
DA:19,4
DA:22,2
DA:23,4
DA:26,2
DA:27,4
DA:30,2
LF:9
LH:9
end_of_record
SF:lib\src\modules\auth\domain\value-objects\name.dart
DA:6,1
DA:7,2
LF:2
LH:2
end_of_record
SF:lib\src\modules\auth\domain\value-objects\specifications\name_specifications.dart
DA:4,1
DA:6,1
DA:7,0
DA:12,3
DA:13,1
LF:5
LH:4
end_of_record
SF:lib\src\modules\cryptocoin\domain\entities\cryptocoin_enity.dart
DA:9,0
LF:1
LH:0
end_of_record
SF:lib\src\modules\cryptocoin\domain\usecases\get_all_cryptocoins_usecase.dart
DA:12,1
DA:14,1
DA:16,2
LF:3
LH:3
end_of_record
