SF:lib\src\modules\auth\domain\usecases\google_signin_usecase.dart
DA:12,1
DA:14,1
DA:16,2
LF:3
LH:3
end_of_record
SF:lib\src\modules\auth\domain\dtos\login_with_email_dto.dart
DA:8,2
LF:1
LH:1
end_of_record
SF:lib\src\modules\auth\domain\value-objects\email.dart
DA:4,3
DA:6,2
DA:8,4
DA:9,0
DA:14,4
DA:15,2
DA:20,8
DA:21,0
LF:8
LH:6
end_of_record
SF:lib\src\modules\auth\domain\value-objects\password.dart
DA:4,3
DA:6,2
DA:8,4
DA:10,6
LF:4
LH:4
end_of_record
SF:lib\src\modules\auth\domain\dtos\signup_with_email_dto.dart
DA:10,2
LF:1
LH:1
end_of_record
SF:lib\src\modules\auth\domain\value-objects\name.dart
DA:4,2
DA:6,1
DA:8,2
DA:9,0
DA:14,4
DA:15,1
LF:6
LH:5
end_of_record
SF:lib\src\modules\auth\domain\errors\domain_errors.dart
DA:4,1
DA:8,2
DA:12,2
LF:3
LH:3
end_of_record
SF:lib\src\modules\auth\domain\usecases\login_with_email_usecase.dart
DA:14,1
DA:16,1
DA:18,2
DA:19,4
DA:22,2
DA:23,4
DA:26,2
LF:7
LH:7
end_of_record
SF:lib\src\modules\auth\domain\usecases\signup_with_email_usecase.dart
DA:14,1
DA:16,1
DA:18,2
DA:19,4
DA:22,2
DA:23,4
DA:26,2
DA:27,4
DA:30,2
LF:9
LH:9
end_of_record
SF:lib\src\modules\auth\infra\repositories\auth_repository.dart
DA:11,1
DA:13,1
DA:16,2
DA:18,1
DA:19,1
DA:20,1
DA:24,1
DA:27,2
DA:29,1
DA:30,1
DA:31,1
DA:35,1
DA:38,2
DA:40,1
DA:41,1
DA:42,1
LF:16
LH:16
end_of_record
SF:lib\src\modules\cryptocoin\domain\entities\cryptocoin_entity.dart
DA:9,0
LF:1
LH:0
end_of_record
SF:lib\src\modules\cryptocoin\domain\usecases\get_all_cryptocoins_usecase.dart
DA:12,1
DA:14,1
DA:16,2
LF:3
LH:3
end_of_record
